

*******************************************************************************
Wed Jun  3 11:16:08 2015


FIT:    data read from 'galaxies.csv' using 2:3
        format = x:z
        #datapoints = 729
        residuals are weighted equally (unit weight)

function used for fitting: y(x)
fitted parameters initialized with current variable values



 Iteration 0
 WSSR        : 7.62138e+11       delta(WSSR)/WSSR   : 0
 delta(WSSR) : 0                 limit for stopping : 1e-05
 lambda	  : 24450.2

initial set of free parameter values

m               = 1
b               = 1

After 6 iterations the fit converged.
final sum of squares of residuals : 2.87015e+08
rel. change during last iteration : -7.8273e-06

degrees of freedom    (FIT_NDF)                        : 727
rms of residuals      (FIT_STDFIT) = sqrt(WSSR/ndf)    : 628.326
variance of residuals (reduced chisquare) = WSSR/ndf   : 394794

Final set of parameters            Asymptotic Standard Error
=======================            ==========================

m               = 0.0605157        +/- 0.001077     (1.78%)
b               = 203.55           +/- 37.24        (18.3%)


correlation matrix of the fit parameters:

               m      b      
m               1.000 
b              -0.781  1.000 
